Arguments: 
  /home/gui_marc/.nvm/versions/node/v18.14.2/bin/node /home/gui_marc/.nvm/versions/node/v18.14.2/bin/yarn init -

PATH: 
  /home/gui_marc/.local/share/pnpm:/home/gui_marc/.nvm/versions/node/v18.14.2/bin:/usr/local/bin:/usr/bin:/var/lib/snapd/snap/bin:/usr/bin/site_perl:/usr/bin/vendor_perl:/usr/bin/core_perl

Yarn version: 
  1.22.19

Node version: 
  18.14.2

Platform: 
  linux x64

Trace: 
  Error: canceled
      at Interface.<anonymous> (/home/gui_marc/.nvm/versions/node/v18.14.2/lib/node_modules/yarn/lib/cli.js:137150:13)
      at Interface.emit (node:events:513:28)
      at [_ttyWrite] [as _ttyWrite] (node:internal/readline/interface:1130:18)
      at ReadStream.onkeypress (node:internal/readline/interface:270:20)
      at ReadStream.emit (node:events:513:28)
      at emitKeys (node:internal/readline/utils:357:14)
      at emitKeys.next (<anonymous>)
      at ReadStream.onData (node:internal/readline/emitKeypressEvents:64:36)
      at ReadStream.emit (node:events:513:28)
      at addChunk (node:internal/streams/readable:324:12)

npm manifest: 
  No manifest

yarn manifest: 
  No manifest

Lockfile: 
  No lockfile
